<?xml version="1.0" encoding="UTF-8"?>
<testsuite xmlns:xsi="http://www.w3.org/2001/XMLSchema-instance" xsi:noNamespaceSchemaLocation="https://maven.apache.org/surefire/maven-surefire-plugin/xsd/surefire-test-report-3.0.xsd" version="3.0" name="TestSuite" time="0.554" tests="2" errors="0" skipped="0" failures="0">
  <properties>
[...]
</properties>
  <testcase name="AIAutomation" classname="Maventest.MavenJava.SeleniumTest" time="0.005"/>
  <testcase name="BrowserAutomation" classname="Maventest.MavenJava.SeleniumTest" time="0.001">
    <system-out><![CDATA[Maven started
]]></system-out>
  </testcase>
</testsuite>