<?xml version="1.0" encoding="UTF-8"?>
<testng-results skipped="0" failed="0" ignored="0" total="2" passed="2">
  <reporter-output>
  </reporter-output>
  <suite name="Suite" duration-ms="41" started-at="2021-09-26T15:26:38 IST" finished-at="2021-09-26T15:26:38 IST">
    <groups>
    </groups>
    <test name="Test" duration-ms="41" started-at="2021-09-26T15:26:38 IST" finished-at="2021-09-26T15:26:38 IST">
      <class name="Maventest.MavenJava.SeleniumTest">
        <test-method status="PASS" signature="AIAutomation()[pri:0, instance:Maventest.MavenJava.SeleniumTest@4bec1f0c]" name="AIAutomation" duration-ms="4" started-at="2021-09-26T15:26:38 IST" finished-at="2021-09-26T15:26:38 IST">
          <reporter-output>
          </reporter-output>
        </test-method> <!-- AIAutomation -->
        <test-method status="PASS" signature="BrowserAutomation()[pri:0, instance:Maventest.MavenJava.SeleniumTest@4bec1f0c]" name="BrowserAutomation" duration-ms="0" started-at="2021-09-26T15:26:38 IST" finished-at="2021-09-26T15:26:38 IST">
          <reporter-output>
          </reporter-output>
        </test-method> <!-- BrowserAutomation -->
      </class> <!-- Maventest.MavenJava.SeleniumTest -->
    </test> <!-- Test -->
  </suite> <!-- Suite -->
</testng-results>
