<?xml version="1.0" encoding="UTF-8"?>
<testng-results skipped="0" failed="0" ignored="0" total="1" passed="1">
  <reporter-output>
  </reporter-output>
  <suite name="Default suite" duration-ms="47" started-at="2021-09-19T16:56:39 IST" finished-at="2021-09-19T16:56:39 IST">
    <groups>
    </groups>
    <test name="Default test" duration-ms="47" started-at="2021-09-19T16:56:39 IST" finished-at="2021-09-19T16:56:39 IST">
      <class name="Maventest.MavenJava.SeleniumTest">
        <test-method status="PASS" signature="BrowserAutomation()[pri:0, instance:Maventest.MavenJava.SeleniumTest@4f063c0a]" name="BrowserAutomation" duration-ms="6" started-at="2021-09-19T16:56:39 IST" finished-at="2021-09-19T16:56:39 IST">
          <reporter-output>
          </reporter-output>
        </test-method> <!-- BrowserAutomation -->
      </class> <!-- Maventest.MavenJava.SeleniumTest -->
    </test> <!-- Default test -->
  </suite> <!-- Default suite -->
</testng-results>
